Before login method
After login method
After show trains method
Before login method
After login method
After cancel ticket method
After returning cancel ticket method
Before login method
After login method
Before login method
After login method
After cancel ticket method
After returning cancel ticket method
Before login method
After login method
Before login method
After login method
After book ticket method
After returning book ticket method
Before login method
After login method
Before login method
After login method
After throwing login method
Before login method
After login method
